
*** Running vivado
    with args -log uart_top.vds -m64 -product Vivado -mode batch -messageDb vivado.pb -notrace -source uart_top.tcl


ECHO 处于关闭状态。
ECHO 处于关闭状态。

****** Vivado v2023.2 (64-bit)
  **** SW Build 4029153 on Fri Oct 13 20:14:34 MDT 2023
  **** IP Build 4028589 on Sat Oct 14 00:45:43 MDT 2023
  **** SharedData Build 4025554 on Tue Oct 10 17:18:54 MDT 2023
    ** Copyright 1986-2022 Xilinx, Inc. All Rights Reserved.
    ** Copyright 2022-2023 Advanced Micro Devices, Inc. All Rights Reserved.

source uart_top.tcl -notrace
Command: read_checkpoint -auto_incremental -incremental E:/Projects/xilinxProject/project_8_uart/project_8_uart.srcs/utils_1/imports/synth_1/uart_top.dcp
INFO: [Vivado 12-5825] Read reference checkpoint from E:/Projects/xilinxProject/project_8_uart/project_8_uart.srcs/utils_1/imports/synth_1/uart_top.dcp for incremental synthesis
INFO: [Vivado 12-7989] Please ensure there are no constraint changes
Command: synth_design -top uart_top -part xc7a35tcsg324-1
Starting synth_design
Attempting to get a license for feature 'Synthesis' and/or device 'xc7a35t'
INFO: [Common 17-349] Got license for feature 'Synthesis' and/or device 'xc7a35t'
INFO: [Device 21-403] Loading part xc7a35tcsg324-1
INFO: [Designutils 20-5440] No compile time benefit to using incremental synthesis; A full resynthesis will be run
INFO: [Designutils 20-4379] Flow is switching to default flow due to incremental criteria not met. If you would like to alter this behaviour and have the flow terminate instead, please set the following parameter config_implementation {autoIncr.Synth.RejectBehavior Terminate}
INFO: [Synth 8-7079] Multithreading enabled for synth_design using a maximum of 2 processes.
INFO: [Synth 8-7078] Launching helper process for spawning children vivado processes
INFO: [Synth 8-7075] Helper process launched with PID 7932
---------------------------------------------------------------------------------
Starting RTL Elaboration : Time (s): cpu = 00:00:05 ; elapsed = 00:00:05 . Memory (MB): peak = 1311.789 ; gain = 441.379
---------------------------------------------------------------------------------
INFO: [Synth 8-6157] synthesizing module 'uart_top' [E:/Projects/xilinxProject/project_8_uart/project_8_uart.srcs/sources_1/new/uart_top.v:23]
INFO: [Synth 8-6157] synthesizing module 'uart_rx' [E:/Projects/xilinxProject/project_8_uart/project_8_uart.srcs/sources_1/new/uart_rx.v:23]
INFO: [Synth 8-226] default block is never used [E:/Projects/xilinxProject/project_8_uart/project_8_uart.srcs/sources_1/new/uart_rx.v:40]
INFO: [Synth 8-6155] done synthesizing module 'uart_rx' (0#1) [E:/Projects/xilinxProject/project_8_uart/project_8_uart.srcs/sources_1/new/uart_rx.v:23]
INFO: [Synth 8-6157] synthesizing module 'uart_tx' [E:/Projects/xilinxProject/project_8_uart/project_8_uart.srcs/sources_1/new/uart_tx.v:23]
INFO: [Synth 8-226] default block is never used [E:/Projects/xilinxProject/project_8_uart/project_8_uart.srcs/sources_1/new/uart_tx.v:41]
INFO: [Synth 8-6155] done synthesizing module 'uart_tx' (0#1) [E:/Projects/xilinxProject/project_8_uart/project_8_uart.srcs/sources_1/new/uart_tx.v:23]
INFO: [Synth 8-6157] synthesizing module 'uart_clk_div' [E:/Projects/xilinxProject/project_8_uart/project_8_uart.srcs/sources_1/new/uart_clk_div.v:25]
INFO: [Synth 8-6155] done synthesizing module 'uart_clk_div' (0#1) [E:/Projects/xilinxProject/project_8_uart/project_8_uart.srcs/sources_1/new/uart_clk_div.v:25]
INFO: [Synth 8-6155] done synthesizing module 'uart_top' (0#1) [E:/Projects/xilinxProject/project_8_uart/project_8_uart.srcs/sources_1/new/uart_top.v:23]
---------------------------------------------------------------------------------
Finished RTL Elaboration : Time (s): cpu = 00:00:06 ; elapsed = 00:00:06 . Memory (MB): peak = 1418.723 ; gain = 548.312
---------------------------------------------------------------------------------
---------------------------------------------------------------------------------
Start Handling Custom Attributes
---------------------------------------------------------------------------------
---------------------------------------------------------------------------------
Finished Handling Custom Attributes : Time (s): cpu = 00:00:06 ; elapsed = 00:00:06 . Memory (MB): peak = 1418.723 ; gain = 548.312
---------------------------------------------------------------------------------
---------------------------------------------------------------------------------
Finished RTL Optimization Phase 1 : Time (s): cpu = 00:00:06 ; elapsed = 00:00:06 . Memory (MB): peak = 1418.723 ; gain = 548.312
---------------------------------------------------------------------------------
Netlist sorting complete. Time (s): cpu = 00:00:00 ; elapsed = 00:00:00.001 . Memory (MB): peak = 1418.723 ; gain = 0.000
INFO: [Project 1-570] Preparing netlist for logic optimization

Processing XDC Constraints
Initializing timing engine
Parsing XDC File [E:/Projects/xilinxProject/project_8_uart/project_8_uart.srcs/constrs_1/new/uart_cons.xdc]
WARNING: [Vivado 12-507] No nets matched 'rxd_IBUF'. [E:/Projects/xilinxProject/project_8_uart/project_8_uart.srcs/constrs_1/new/uart_cons.xdc:12]
CRITICAL WARNING: [Common 17-55] 'set_property' expects at least one object. [E:/Projects/xilinxProject/project_8_uart/project_8_uart.srcs/constrs_1/new/uart_cons.xdc:12]
Resolution: If [get_<value>] was used to populate the object, check to make sure this command returns at least one valid object.
WARNING: [Vivado 12-507] No nets matched 'uart_rx1/nxt_st[0]'. [E:/Projects/xilinxProject/project_8_uart/project_8_uart.srcs/constrs_1/new/uart_cons.xdc:22]
CRITICAL WARNING: [Common 17-55] 'set_property' expects at least one object. [E:/Projects/xilinxProject/project_8_uart/project_8_uart.srcs/constrs_1/new/uart_cons.xdc:22]
Resolution: If [get_<value>] was used to populate the object, check to make sure this command returns at least one valid object.
WARNING: [Vivado 12-507] No nets matched 'uart_rx1/nxt_st[1]'. [E:/Projects/xilinxProject/project_8_uart/project_8_uart.srcs/constrs_1/new/uart_cons.xdc:23]
CRITICAL WARNING: [Common 17-55] 'set_property' expects at least one object. [E:/Projects/xilinxProject/project_8_uart/project_8_uart.srcs/constrs_1/new/uart_cons.xdc:23]
Resolution: If [get_<value>] was used to populate the object, check to make sure this command returns at least one valid object.
WARNING: [Vivado 12-507] No nets matched 'clk_IBUF'. [E:/Projects/xilinxProject/project_8_uart/project_8_uart.srcs/constrs_1/new/uart_cons.xdc:24]
CRITICAL WARNING: [Common 17-55] 'set_property' expects at least one object. [E:/Projects/xilinxProject/project_8_uart/project_8_uart.srcs/constrs_1/new/uart_cons.xdc:24]
Resolution: If [get_<value>] was used to populate the object, check to make sure this command returns at least one valid object.
WARNING: [Vivado 12-507] No nets matched 'cur_st[0]'. [E:/Projects/xilinxProject/project_8_uart/project_8_uart.srcs/constrs_1/new/uart_cons.xdc:25]
CRITICAL WARNING: [Common 17-55] 'set_property' expects at least one object. [E:/Projects/xilinxProject/project_8_uart/project_8_uart.srcs/constrs_1/new/uart_cons.xdc:25]
Resolution: If [get_<value>] was used to populate the object, check to make sure this command returns at least one valid object.
WARNING: [Vivado 12-507] No nets matched 'cur_st[1]'. [E:/Projects/xilinxProject/project_8_uart/project_8_uart.srcs/constrs_1/new/uart_cons.xdc:26]
CRITICAL WARNING: [Common 17-55] 'set_property' expects at least one object. [E:/Projects/xilinxProject/project_8_uart/project_8_uart.srcs/constrs_1/new/uart_cons.xdc:26]
Resolution: If [get_<value>] was used to populate the object, check to make sure this command returns at least one valid object.
WARNING: [Vivado 12-507] No nets matched 'uart_rx1/count[0]_i_1_n_0'. [E:/Projects/xilinxProject/project_8_uart/project_8_uart.srcs/constrs_1/new/uart_cons.xdc:34]
CRITICAL WARNING: [Common 17-55] 'set_property' expects at least one object. [E:/Projects/xilinxProject/project_8_uart/project_8_uart.srcs/constrs_1/new/uart_cons.xdc:34]
Resolution: If [get_<value>] was used to populate the object, check to make sure this command returns at least one valid object.
WARNING: [Vivado 12-507] No nets matched 'uart_rx1/count[1]_i_1_n_0'. [E:/Projects/xilinxProject/project_8_uart/project_8_uart.srcs/constrs_1/new/uart_cons.xdc:35]
CRITICAL WARNING: [Common 17-55] 'set_property' expects at least one object. [E:/Projects/xilinxProject/project_8_uart/project_8_uart.srcs/constrs_1/new/uart_cons.xdc:35]
Resolution: If [get_<value>] was used to populate the object, check to make sure this command returns at least one valid object.
WARNING: [Vivado 12-507] No nets matched 'uart_rx1/count[2]_i_1_n_0'. [E:/Projects/xilinxProject/project_8_uart/project_8_uart.srcs/constrs_1/new/uart_cons.xdc:36]
CRITICAL WARNING: [Common 17-55] 'set_property' expects at least one object. [E:/Projects/xilinxProject/project_8_uart/project_8_uart.srcs/constrs_1/new/uart_cons.xdc:36]
Resolution: If [get_<value>] was used to populate the object, check to make sure this command returns at least one valid object.
Finished Parsing XDC File [E:/Projects/xilinxProject/project_8_uart/project_8_uart.srcs/constrs_1/new/uart_cons.xdc]
INFO: [Project 1-236] Implementation specific constraints were found while reading constraint file [E:/Projects/xilinxProject/project_8_uart/project_8_uart.srcs/constrs_1/new/uart_cons.xdc]. These constraints will be ignored for synthesis but will be used in implementation. Impacted constraints are listed in the file [.Xil/uart_top_propImpl.xdc].
Resolution: To avoid this warning, move constraints listed in [.Xil/uart_top_propImpl.xdc] to another XDC file and exclude this new file from synthesis with the used_in_synthesis property (File Properties dialog in GUI) and re-run elaboration/synthesis.
Completed Processing XDC Constraints

Netlist sorting complete. Time (s): cpu = 00:00:00 ; elapsed = 00:00:00 . Memory (MB): peak = 1448.461 ; gain = 0.000
INFO: [Project 1-111] Unisim Transformation Summary:
No Unisim elements were transformed.

系统找不到指定的路径。
Constraint Validation Runtime : Time (s): cpu = 00:00:00 ; elapsed = 00:00:00.002 . Memory (MB): peak = 1448.461 ; gain = 0.000
INFO: [Designutils 20-5440] No compile time benefit to using incremental synthesis; A full resynthesis will be run
INFO: [Designutils 20-4379] Flow is switching to default flow due to incremental criteria not met. If you would like to alter this behaviour and have the flow terminate instead, please set the following parameter config_implementation {autoIncr.Synth.RejectBehavior Terminate}
---------------------------------------------------------------------------------
Finished Constraint Validation : Time (s): cpu = 00:00:11 ; elapsed = 00:00:13 . Memory (MB): peak = 1448.461 ; gain = 578.051
---------------------------------------------------------------------------------
---------------------------------------------------------------------------------
Start Loading Part and Timing Information
---------------------------------------------------------------------------------
Loading part: xc7a35tcsg324-1
---------------------------------------------------------------------------------
Finished Loading Part and Timing Information : Time (s): cpu = 00:00:11 ; elapsed = 00:00:13 . Memory (MB): peak = 1448.461 ; gain = 578.051
---------------------------------------------------------------------------------
---------------------------------------------------------------------------------
Start Applying 'set_property' XDC Constraints
---------------------------------------------------------------------------------
Applied set_property MARK_DEBUG = true for clk_uart. (constraint file  E:/Projects/xilinxProject/project_8_uart/project_8_uart.srcs/constrs_1/new/uart_cons.xdc, line 13).
Applied set_property MARK_DEBUG = true for data_i[0]. (constraint file  E:/Projects/xilinxProject/project_8_uart/project_8_uart.srcs/constrs_1/new/uart_cons.xdc, line 14).
Applied set_property MARK_DEBUG = true for uart_rx1/rx_cur_st[0]. (constraint file  E:/Projects/xilinxProject/project_8_uart/project_8_uart.srcs/constrs_1/new/uart_cons.xdc, line 29).
Applied set_property MARK_DEBUG = true for uart_rx1/count[0]. (constraint file  E:/Projects/xilinxProject/project_8_uart/project_8_uart.srcs/constrs_1/new/uart_cons.xdc, line 31).
---------------------------------------------------------------------------------
Finished applying 'set_property' XDC Constraints : Time (s): cpu = 00:00:11 ; elapsed = 00:00:13 . Memory (MB): peak = 1448.461 ; gain = 578.051
---------------------------------------------------------------------------------
INFO: [Synth 8-802] inferred FSM for state register 'tx_cur_st_reg' in module 'uart_tx'
INFO: [Synth 8-6071] Mark debug on the nets applies keep_hierarchy on instance 'uart_clk_div1'. This will prevent further optimization [E:/Projects/xilinxProject/project_8_uart/project_8_uart.srcs/sources_1/new/uart_top.v:58]
INFO: [Synth 8-6071] Mark debug on the nets applies keep_hierarchy on instance 'uart_rx1'. This will prevent further optimization [E:/Projects/xilinxProject/project_8_uart/project_8_uart.srcs/sources_1/new/uart_top.v:42]
INFO: [Synth 8-6071] Mark debug on the nets applies keep_hierarchy on instance 'uart_tx1'. This will prevent further optimization [E:/Projects/xilinxProject/project_8_uart/project_8_uart.srcs/sources_1/new/uart_top.v:49]
WARNING: [Synth 8-327] inferring latch for variable 'rx_nxt_st_reg' [E:/Projects/xilinxProject/project_8_uart/project_8_uart.srcs/sources_1/new/uart_rx.v:43]
WARNING: [Synth 8-327] inferring latch for variable 'FSM_sequential_tx_nxt_st_reg' [E:/Projects/xilinxProject/project_8_uart/project_8_uart.srcs/sources_1/new/uart_tx.v:44]
WARNING: [Synth 8-327] inferring latch for variable 'FSM_onehot_tx_nxt_st_reg' [E:/Projects/xilinxProject/project_8_uart/project_8_uart.srcs/sources_1/new/uart_tx.v:44]
---------------------------------------------------------------------------------------------------
                   State |                     New Encoding |                Previous Encoding 
---------------------------------------------------------------------------------------------------
                 st_IDLE |                             0001 |                               00
                st_start |                             0010 |                               01
                 st_data |                             0100 |                               10
                  st_end |                             1000 |                               11
---------------------------------------------------------------------------------------------------
INFO: [Synth 8-3354] encoded FSM with state register 'tx_cur_st_reg' using encoding 'one-hot' in module 'uart_tx'
WARNING: [Synth 8-327] inferring latch for variable 'FSM_onehot_tx_nxt_st_reg' [E:/Projects/xilinxProject/project_8_uart/project_8_uart.srcs/sources_1/new/uart_tx.v:44]
WARNING: [Synth 8-327] inferring latch for variable 'data_o_reg' [E:/Projects/xilinxProject/project_8_uart/project_8_uart.srcs/sources_1/new/uart_top.v:37]
---------------------------------------------------------------------------------
Finished RTL Optimization Phase 2 : Time (s): cpu = 00:00:12 ; elapsed = 00:00:13 . Memory (MB): peak = 1448.461 ; gain = 578.051
---------------------------------------------------------------------------------
---------------------------------------------------------------------------------
Start RTL Component Statistics 
---------------------------------------------------------------------------------
Detailed RTL Component Info : 
+---Adders : 
	   2 Input   16 Bit       Adders := 1     
	   2 Input    3 Bit       Adders := 2     
+---Registers : 
	               16 Bit    Registers := 1     
	                8 Bit    Registers := 2     
	                3 Bit    Registers := 2     
	                2 Bit    Registers := 1     
	                1 Bit    Registers := 2     
+---Muxes : 
	   2 Input    8 Bit        Muxes := 1     
	   4 Input    4 Bit        Muxes := 1     
	   4 Input    2 Bit        Muxes := 2     
	   2 Input    2 Bit        Muxes := 3     
	   2 Input    1 Bit        Muxes := 14    
	   5 Input    1 Bit        Muxes := 1     
	   4 Input    1 Bit        Muxes := 2     
---------------------------------------------------------------------------------
Finished RTL Component Statistics 
---------------------------------------------------------------------------------
---------------------------------------------------------------------------------
Start Part Resource Summary
---------------------------------------------------------------------------------
Part Resources:
DSPs: 90 (col length:60)
BRAMs: 100 (col length: RAMB18 60 RAMB36 30)
---------------------------------------------------------------------------------
Finished Part Resource Summary
---------------------------------------------------------------------------------
---------------------------------------------------------------------------------
Start Cross Boundary and Area Optimization
---------------------------------------------------------------------------------
WARNING: [Synth 8-7080] Parallel synthesis criteria is not met
---------------------------------------------------------------------------------
Finished Cross Boundary and Area Optimization : Time (s): cpu = 00:00:13 ; elapsed = 00:00:15 . Memory (MB): peak = 1448.461 ; gain = 578.051
---------------------------------------------------------------------------------
---------------------------------------------------------------------------------
Start Applying XDC Timing Constraints
---------------------------------------------------------------------------------
---------------------------------------------------------------------------------
Finished Applying XDC Timing Constraints : Time (s): cpu = 00:00:16 ; elapsed = 00:00:19 . Memory (MB): peak = 1448.461 ; gain = 578.051
---------------------------------------------------------------------------------
---------------------------------------------------------------------------------
Start Timing Optimization
---------------------------------------------------------------------------------
---------------------------------------------------------------------------------
Finished Timing Optimization : Time (s): cpu = 00:00:16 ; elapsed = 00:00:19 . Memory (MB): peak = 1448.461 ; gain = 578.051
---------------------------------------------------------------------------------
---------------------------------------------------------------------------------
Start Technology Mapping
---------------------------------------------------------------------------------
---------------------------------------------------------------------------------
Finished Technology Mapping : Time (s): cpu = 00:00:16 ; elapsed = 00:00:19 . Memory (MB): peak = 1448.461 ; gain = 578.051
---------------------------------------------------------------------------------
---------------------------------------------------------------------------------
Start IO Insertion
---------------------------------------------------------------------------------
---------------------------------------------------------------------------------
Start Flattening Before IO Insertion
---------------------------------------------------------------------------------
---------------------------------------------------------------------------------
Finished Flattening Before IO Insertion
---------------------------------------------------------------------------------
---------------------------------------------------------------------------------
Start Final Netlist Cleanup
---------------------------------------------------------------------------------
---------------------------------------------------------------------------------
Finished Final Netlist Cleanup
---------------------------------------------------------------------------------
WARNING: [Synth 8-5396] Clock pin C has keep related attribute (keep/mark_debug/dont_touch) which could create extra logic on its net [E:/Projects/xilinxProject/project_8_uart/project_8_uart.srcs/sources_1/new/uart_rx.v:85]
---------------------------------------------------------------------------------
Finished IO Insertion : Time (s): cpu = 00:00:20 ; elapsed = 00:00:23 . Memory (MB): peak = 1448.461 ; gain = 578.051
---------------------------------------------------------------------------------
---------------------------------------------------------------------------------
Start Renaming Generated Instances
---------------------------------------------------------------------------------
---------------------------------------------------------------------------------
Finished Renaming Generated Instances : Time (s): cpu = 00:00:20 ; elapsed = 00:00:23 . Memory (MB): peak = 1448.461 ; gain = 578.051
---------------------------------------------------------------------------------
---------------------------------------------------------------------------------
Start Rebuilding User Hierarchy
---------------------------------------------------------------------------------
---------------------------------------------------------------------------------
Finished Rebuilding User Hierarchy : Time (s): cpu = 00:00:20 ; elapsed = 00:00:23 . Memory (MB): peak = 1448.461 ; gain = 578.051
---------------------------------------------------------------------------------
---------------------------------------------------------------------------------
Start Renaming Generated Ports
---------------------------------------------------------------------------------
---------------------------------------------------------------------------------
Finished Renaming Generated Ports : Time (s): cpu = 00:00:20 ; elapsed = 00:00:23 . Memory (MB): peak = 1448.461 ; gain = 578.051
---------------------------------------------------------------------------------
---------------------------------------------------------------------------------
Start Handling Custom Attributes
---------------------------------------------------------------------------------
---------------------------------------------------------------------------------
Finished Handling Custom Attributes : Time (s): cpu = 00:00:20 ; elapsed = 00:00:23 . Memory (MB): peak = 1448.461 ; gain = 578.051
---------------------------------------------------------------------------------
---------------------------------------------------------------------------------
Start Renaming Generated Nets
---------------------------------------------------------------------------------
---------------------------------------------------------------------------------
Finished Renaming Generated Nets : Time (s): cpu = 00:00:20 ; elapsed = 00:00:23 . Memory (MB): peak = 1448.461 ; gain = 578.051
---------------------------------------------------------------------------------
---------------------------------------------------------------------------------
Start Writing Synthesis Report
---------------------------------------------------------------------------------

Report BlackBoxes: 
+-+--------------+----------+
| |BlackBox name |Instances |
+-+--------------+----------+
+-+--------------+----------+

Report Cell Usage: 
+------+-------+------+
|      |Cell   |Count |
+------+-------+------+
|1     |BUFG   |     1|
|2     |CARRY4 |     4|
|3     |LUT1   |     1|
|4     |LUT2   |     7|
|5     |LUT3   |    10|
|6     |LUT4   |     3|
|7     |LUT5   |     3|
|8     |LUT6   |     5|
|9     |FDRE   |    46|
|10    |LD     |    14|
|11    |IBUF   |     2|
|12    |OBUF   |     1|
+------+-------+------+
---------------------------------------------------------------------------------
Finished Writing Synthesis Report : Time (s): cpu = 00:00:20 ; elapsed = 00:00:23 . Memory (MB): peak = 1448.461 ; gain = 578.051
---------------------------------------------------------------------------------
Synthesis finished with 0 errors, 0 critical warnings and 7 warnings.
Synthesis Optimization Runtime : Time (s): cpu = 00:00:13 ; elapsed = 00:00:21 . Memory (MB): peak = 1448.461 ; gain = 548.312
Synthesis Optimization Complete : Time (s): cpu = 00:00:20 ; elapsed = 00:00:23 . Memory (MB): peak = 1448.461 ; gain = 578.051
INFO: [Project 1-571] Translating synthesized netlist
Netlist sorting complete. Time (s): cpu = 00:00:00 ; elapsed = 00:00:00 . Memory (MB): peak = 1448.461 ; gain = 0.000
INFO: [Netlist 29-17] Analyzing 18 Unisim elements for replacement
INFO: [Netlist 29-28] Unisim Transformation completed in 0 CPU seconds
INFO: [Project 1-570] Preparing netlist for logic optimization
INFO: [Opt 31-138] Pushed 0 inverter(s) to 0 load pin(s).
Netlist sorting complete. Time (s): cpu = 00:00:00 ; elapsed = 00:00:00 . Memory (MB): peak = 1448.461 ; gain = 0.000
INFO: [Project 1-111] Unisim Transformation Summary:
  A total of 14 instances were transformed.
  LD => LDCE: 14 instances

系统找不到指定的路径。
Synth Design complete | Checksum: 3a08c438
INFO: [Common 17-83] Releasing license: Synthesis
36 Infos, 16 Warnings, 9 Critical Warnings and 0 Errors encountered.
synth_design completed successfully
synth_design: Time (s): cpu = 00:00:22 ; elapsed = 00:00:27 . Memory (MB): peak = 1448.461 ; gain = 969.055
INFO: [runtcl-6] Synthesis results are not added to the cache due to CRITICAL_WARNING
Write ShapeDB Complete: Time (s): cpu = 00:00:00 ; elapsed = 00:00:00.001 . Memory (MB): peak = 1448.461 ; gain = 0.000
INFO: [Common 17-1381] The checkpoint 'E:/Projects/xilinxProject/project_8_uart/project_8_uart.runs/synth_1/uart_top.dcp' has been generated.
INFO: [runtcl-4] Executing : report_utilization -file uart_top_utilization_synth.rpt -pb uart_top_utilization_synth.pb
INFO: [Common 17-206] Exiting Vivado at Thu Mar 14 18:18:23 2024...
